
=========================================
[EMAIL SIMULATION]
To: serenete@gmail.com
Subject: Your Verification Code
Purpose: REGISTER
Code: 266435
Time: 4/8/2026, 2:24:34 PM
=========================================

=========================================
[EMAIL SIMULATION]
To: serenete@gmail.com
Subject: Your Verification Code
Purpose: RESET_PASSWORD
Code: 604115
Time: 4/8/2026, 2:27:59 PM
=========================================

=========================================
[EMAIL SIMULATION]
To: serenete@gmail.com
Subject: Your Verification Code
Purpose: RESET_PASSWORD
Code: 676314
Time: 4/8/2026, 2:29:52 PM
=========================================

=========================================
[EMAIL SIMULATION]
To: serenete@gmail.com
Subject: Your Verification Code
Purpose: RESET_PASSWORD
Code: 701205
Time: 4/8/2026, 2:33:55 PM
=========================================

=========================================
[EMAIL SIMULATION]
To: 
Subject: Your Verification Code
Purpose: REGISTER
Code: 818767
Time: 4/8/2026, 2:42:16 PM
=========================================

=========================================
[EMAIL SIMULATION]
To: serenete@gmail.com
Subject: Your Verification Code
Purpose: RESET_PASSWORD
Code: 795355
Time: 4/8/2026, 2:47:20 PM
=========================================

=========================================
[EMAIL SIMULATION]
To: 
Subject: Your Verification Code
Purpose: REGISTER
Code: 803370
Time: 4/8/2026, 10:17:48 PM
=========================================

=========================================
[EMAIL SIMULATION]
To: manh@gmail.com
Subject: Your Verification Code
Purpose: REGISTER
Code: 939206
Time: 4/10/2026, 9:30:41 AM
=========================================

=========================================
[EMAIL SIMULATION]
To: linh@gmail.com
Subject: Your Verification Code
Purpose: REGISTER
Code: 495729
Time: 4/10/2026, 2:28:52 PM
=========================================

=========================================
[EMAIL SIMULATION]
To: vu123@gmail.com
Subject: Your Verification Code
Purpose: REGISTER
Code: 607911
Time: 4/18/2026, 11:11:15 PM
=========================================

=========================================
[EMAIL SIMULATION]
To: 123@gmail.com
Subject: Your Verification Code
Purpose: REGISTER
Code: 223324
Time: 4/18/2026, 11:14:30 PM
=========================================

=========================================
[EMAIL SIMULATION]
To: test@example.com
Subject: Your Verification Code
Purpose: REGISTER
Code: 968214
Time: 4/14/2026, 11:46:09 AM
=========================================
